TRACE: 2022/04/17 14:08:30.691828 routers.go:37: GET /index
TRACE: 2022/04/17 14:10:13.940607 routers.go:37: GET /header-default.html
TRACE: 2022/04/17 14:13:36.387369 routers.go:37: GET /header-default.html
TRACE: 2022/04/17 14:14:45.865011 routers.go:37: GET /login.html
TRACE: 2022/04/17 14:14:53.730485 routers.go:37: POST /user/login
INFO: 2022/04/17 14:14:53.731531 users.go:15: loginUser:{1572662085 3333}
TRACE: 2022/04/17 14:14:54.752368 routers.go:37: POST /user/login
INFO: 2022/04/17 14:14:54.753334 users.go:15: loginUser:{1572662085 3333}
TRACE: 2022/04/17 14:14:55.303804 routers.go:37: POST /user/login
INFO: 2022/04/17 14:14:55.304287 users.go:15: loginUser:{1572662085 3333}
TRACE: 2022/04/17 14:14:55.487571 routers.go:37: POST /user/login
INFO: 2022/04/17 14:14:55.497439 users.go:15: loginUser:{1572662085 3333}
TRACE: 2022/04/17 14:14:55.661518 routers.go:37: POST /user/login
INFO: 2022/04/17 14:14:55.662512 users.go:15: loginUser:{1572662085 3333}
TRACE: 2022/04/17 14:14:55.846925 routers.go:37: POST /user/login
INFO: 2022/04/17 14:14:55.847450 users.go:15: loginUser:{1572662085 3333}
TRACE: 2022/04/17 14:14:56.021517 routers.go:37: POST /user/login
INFO: 2022/04/17 14:14:56.022410 users.go:15: loginUser:{1572662085 3333}
TRACE: 2022/04/17 14:14:56.216729 routers.go:37: POST /user/login
INFO: 2022/04/17 14:14:56.217605 users.go:15: loginUser:{1572662085 3333}
TRACE: 2022/04/17 14:14:56.433151 routers.go:37: POST /user/login
INFO: 2022/04/17 14:14:56.434085 users.go:15: loginUser:{1572662085 3333}
TRACE: 2022/04/17 14:14:56.617732 routers.go:37: POST /user/login
INFO: 2022/04/17 14:14:56.618047 users.go:15: loginUser:{1572662085 3333}
TRACE: 2022/04/17 14:14:56.814257 routers.go:37: POST /user/login
INFO: 2022/04/17 14:14:56.814803 users.go:15: loginUser:{1572662085 3333}
TRACE: 2022/04/17 14:14:57.009966 routers.go:37: POST /user/login
INFO: 2022/04/17 14:14:57.010449 users.go:15: loginUser:{1572662085 3333}
TRACE: 2022/04/17 14:14:57.363270 routers.go:37: POST /user/login
INFO: 2022/04/17 14:14:57.363809 users.go:15: loginUser:{1572662085 3333}
TRACE: 2022/04/17 14:14:57.537396 routers.go:37: POST /user/login
INFO: 2022/04/17 14:14:57.537735 users.go:15: loginUser:{1572662085 3333}
TRACE: 2022/04/17 14:15:03.453313 routers.go:37: GET /register.html
TRACE: 2022/04/17 14:19:33.119310 routers.go:37: GET /agent.html
TRACE: 2022/04/17 14:20:05.946705 routers.go:37: GET /agent.html
TRACE: 2022/04/17 14:21:55.896400 routers.go:37: GET /agent.html
TRACE: 2022/04/17 14:35:10.054667 routers.go:37: GET /agent.html
